<?xml version="1.0" encoding="UTF-8"?>
<testng-results skipped="0" failed="2" total="3" passed="1">
  <reporter-output>
    <line>
      <![CDATA[Title is matching. It is: actiTIME - Login PASS]]>
    </line>
    <line>
      <![CDATA[Title is not matching. FAIL]]>
    </line>
    <line>
      <![CDATA[Test: testValidLogin is FAIL.]]>
    </line>
    <line>
      <![CDATA[Test name:- testValidLogin FAILED.]]>
    </line>
    <line>
      <![CDATA[Photo taken & is available in ./photo/Mon Jan 14 122804 IST 2019.png]]>
    </line>
    <line>
      <![CDATA[Error message is successfully displayed. PASS]]>
    </line>
    <line>
      <![CDATA[Error message is successfully displayed. PASS]]>
    </line>
    <line>
      <![CDATA[Test: testInvalidLogin is PASS.]]>
    </line>
    <line>
      <![CDATA[Test name:- testInvalidLogin PASSED.]]>
    </line>
    <line>
      <![CDATA[Title is not matching.FAIL]]>
    </line>
    <line>
      <![CDATA[Test: testVerifyProductVersion is FAIL.]]>
    </line>
    <line>
      <![CDATA[Test name:- testVerifyProductVersion FAILED.]]>
    </line>
    <line>
      <![CDATA[Photo taken & is available in ./photo/Mon Jan 14 122916 IST 2019.png]]>
    </line>
  </reporter-output>
  <suite name="Suite" duration-ms="138356" started-at="2019-01-14T06:56:59Z" finished-at="2019-01-14T06:59:17Z">
    <groups>
      <group name="smoke">
        <method signature="TestInvalidLogin.testInvalidLogin()[pri:2, instance:script.TestInvalidLogin@55f3ddb1]" name="testInvalidLogin" class="script.TestInvalidLogin"/>
        <method signature="TestValidLogin.testValidLogin()[pri:1, instance:script.TestValidLogin@8bd1b6a]" name="testValidLogin" class="script.TestValidLogin"/>
        <method signature="TestVerifyProductVersion.testVerifyProductVersion()[pri:3, instance:script.TestVerifyProductVersion@18be83e4]" name="testVerifyProductVersion" class="script.TestVerifyProductVersion"/>
      </group> <!-- smoke -->
    </groups>
    <test name="Test1" duration-ms="138356" started-at="2019-01-14T06:56:59Z" finished-at="2019-01-14T06:59:17Z">
      <class name="script.TestInvalidLogin">
        <test-method status="PASS" signature="openApp(java.lang.String, java.lang.String)[pri:0, instance:script.TestInvalidLogin@55f3ddb1]" name="openApp" is-config="true" duration-ms="8177" started-at="2019-01-14T12:28:05Z" finished-at="2019-01-14T12:28:13Z">
          <params>
            <param index="0">
              <value>
                <![CDATA[localhost]]>
              </value>
            </param>
            <param index="1">
              <value>
                <![CDATA[chrome]]>
              </value>
            </param>
          </params>
          <reporter-output>
          </reporter-output>
        </test-method> <!-- openApp -->
        <test-method status="PASS" signature="testInvalidLogin()[pri:2, instance:script.TestInvalidLogin@55f3ddb1]" name="testInvalidLogin" duration-ms="3317" started-at="2019-01-14T12:28:13Z" finished-at="2019-01-14T12:28:16Z">
          <reporter-output>
            <line>
              <![CDATA[Error message is successfully displayed. PASS]]>
            </line>
            <line>
              <![CDATA[Error message is successfully displayed. PASS]]>
            </line>
            <line>
              <![CDATA[Test: testInvalidLogin is PASS.]]>
            </line>
          </reporter-output>
        </test-method> <!-- testInvalidLogin -->
        <test-method status="PASS" signature="closeApp(org.testng.ITestResult)[pri:0, instance:script.TestInvalidLogin@55f3ddb1]" name="closeApp" is-config="true" duration-ms="722" started-at="2019-01-14T12:28:16Z" finished-at="2019-01-14T12:28:17Z">
          <params>
            <param index="0">
              <value>
                <![CDATA[[TestResult name=testInvalidLogin status=SUCCESS method=TestInvalidLogin.testInvalidLogin()[pri:2, instance:script.TestInvalidLogin@55f3ddb1] output=Error message is successfully displayed. PASS]]]>
              </value>
            </param>
          </params>
          <reporter-output>
            <line>
              <![CDATA[Test name:- testInvalidLogin PASSED.]]>
            </line>
          </reporter-output>
        </test-method> <!-- closeApp -->
      </class> <!-- script.TestInvalidLogin -->
      <class name="script.TestVerifyProductVersion">
        <test-method status="PASS" signature="openApp(java.lang.String, java.lang.String)[pri:0, instance:script.TestVerifyProductVersion@18be83e4]" name="openApp" is-config="true" duration-ms="7367" started-at="2019-01-14T12:28:17Z" finished-at="2019-01-14T12:28:25Z">
          <params>
            <param index="0">
              <value>
                <![CDATA[localhost]]>
              </value>
            </param>
            <param index="1">
              <value>
                <![CDATA[chrome]]>
              </value>
            </param>
          </params>
          <reporter-output>
          </reporter-output>
        </test-method> <!-- openApp -->
        <test-method status="FAIL" signature="testVerifyProductVersion()[pri:3, instance:script.TestVerifyProductVersion@18be83e4]" name="testVerifyProductVersion" duration-ms="50940" started-at="2019-01-14T12:28:25Z" finished-at="2019-01-14T12:29:16Z">
          <exception class="java.lang.AssertionError">
            <message>
              <![CDATA[null]]>
            </message>
            <full-stacktrace>
              <![CDATA[java.lang.AssertionError: null
	at org.testng.Assert.fail(Assert.java:94)
	at org.testng.Assert.fail(Assert.java:101)
	at generic.WebGeneric.verifyTitle(WebGeneric.java:20)
	at script.TestVerifyProductVersion.testVerifyProductVersion(TestVerifyProductVersion.java:31)
	at sun.reflect.NativeMethodAccessorImpl.invoke0(Native Method)
	at sun.reflect.NativeMethodAccessorImpl.invoke(Unknown Source)
	at sun.reflect.DelegatingMethodAccessorImpl.invoke(Unknown Source)
	at java.lang.reflect.Method.invoke(Unknown Source)
	at org.testng.internal.MethodInvocationHelper.invokeMethod(MethodInvocationHelper.java:100)
	at org.testng.internal.Invoker.invokeMethod(Invoker.java:646)
	at org.testng.internal.Invoker.invokeTestMethod(Invoker.java:811)
	at org.testng.internal.Invoker.invokeTestMethods(Invoker.java:1129)
	at org.testng.internal.TestMethodWorker.invokeTestMethods(TestMethodWorker.java:129)
	at org.testng.internal.TestMethodWorker.run(TestMethodWorker.java:112)
	at org.testng.TestRunner.privateRun(TestRunner.java:746)
	at org.testng.TestRunner.run(TestRunner.java:600)
	at org.testng.SuiteRunner.runTest(SuiteRunner.java:366)
	at org.testng.SuiteRunner.access$000(SuiteRunner.java:39)
	at org.testng.SuiteRunner$SuiteWorker.run(SuiteRunner.java:400)
	at org.testng.internal.thread.ThreadUtil$2.call(ThreadUtil.java:64)
	at java.util.concurrent.FutureTask.run(Unknown Source)
	at java.util.concurrent.ThreadPoolExecutor.runWorker(Unknown Source)
	at java.util.concurrent.ThreadPoolExecutor$Worker.run(Unknown Source)
	at java.lang.Thread.run(Unknown Source)
]]>
            </full-stacktrace>
          </exception> <!-- java.lang.AssertionError -->
          <reporter-output>
            <line>
              <![CDATA[Title is not matching.FAIL]]>
            </line>
            <line>
              <![CDATA[Test: testVerifyProductVersion is FAIL.]]>
            </line>
          </reporter-output>
        </test-method> <!-- testVerifyProductVersion -->
        <test-method status="PASS" signature="closeApp(org.testng.ITestResult)[pri:0, instance:script.TestVerifyProductVersion@18be83e4]" name="closeApp" is-config="true" duration-ms="1514" started-at="2019-01-14T12:29:16Z" finished-at="2019-01-14T12:29:17Z">
          <params>
            <param index="0">
              <value>
                <![CDATA[[TestResult name=testVerifyProductVersion status=FAILURE method=TestVerifyProductVersion.testVerifyProductVersion()[pri:3, instance:script.TestVerifyProductVersion@18be83e4] output=Title is not matching.FAIL]]]>
              </value>
            </param>
          </params>
          <reporter-output>
            <line>
              <![CDATA[Test name:- testVerifyProductVersion FAILED.]]>
            </line>
            <line>
              <![CDATA[Photo taken & is available in ./photo/Mon Jan 14 122916 IST 2019.png]]>
            </line>
          </reporter-output>
        </test-method> <!-- closeApp -->
      </class> <!-- script.TestVerifyProductVersion -->
      <class name="script.TestValidLogin">
        <test-method status="PASS" signature="openApp(java.lang.String, java.lang.String)[pri:0, instance:script.TestValidLogin@8bd1b6a]" name="openApp" is-config="true" duration-ms="11353" started-at="2019-01-14T12:26:59Z" finished-at="2019-01-14T12:27:10Z">
          <params>
            <param index="0">
              <value>
                <![CDATA[localhost]]>
              </value>
            </param>
            <param index="1">
              <value>
                <![CDATA[chrome]]>
              </value>
            </param>
          </params>
          <reporter-output>
          </reporter-output>
        </test-method> <!-- openApp -->
        <test-method status="FAIL" signature="testValidLogin()[pri:1, instance:script.TestValidLogin@8bd1b6a]" name="testValidLogin" duration-ms="53424" started-at="2019-01-14T12:27:10Z" finished-at="2019-01-14T12:28:03Z">
          <exception class="java.lang.AssertionError">
            <message>
              <![CDATA[null]]>
            </message>
            <full-stacktrace>
              <![CDATA[java.lang.AssertionError: null
	at org.testng.Assert.fail(Assert.java:94)
	at org.testng.Assert.fail(Assert.java:101)
	at page.LoginPage.verifyTitle(LoginPage.java:65)
	at script.TestValidLogin.testValidLogin(TestValidLogin.java:36)
	at sun.reflect.NativeMethodAccessorImpl.invoke0(Native Method)
	at sun.reflect.NativeMethodAccessorImpl.invoke(Unknown Source)
	at sun.reflect.DelegatingMethodAccessorImpl.invoke(Unknown Source)
	at java.lang.reflect.Method.invoke(Unknown Source)
	at org.testng.internal.MethodInvocationHelper.invokeMethod(MethodInvocationHelper.java:100)
	at org.testng.internal.Invoker.invokeMethod(Invoker.java:646)
	at org.testng.internal.Invoker.invokeTestMethod(Invoker.java:811)
	at org.testng.internal.Invoker.invokeTestMethods(Invoker.java:1129)
	at org.testng.internal.TestMethodWorker.invokeTestMethods(TestMethodWorker.java:129)
	at org.testng.internal.TestMethodWorker.run(TestMethodWorker.java:112)
	at org.testng.TestRunner.privateRun(TestRunner.java:746)
	at org.testng.TestRunner.run(TestRunner.java:600)
	at org.testng.SuiteRunner.runTest(SuiteRunner.java:366)
	at org.testng.SuiteRunner.access$000(SuiteRunner.java:39)
	at org.testng.SuiteRunner$SuiteWorker.run(SuiteRunner.java:400)
	at org.testng.internal.thread.ThreadUtil$2.call(ThreadUtil.java:64)
	at java.util.concurrent.FutureTask.run(Unknown Source)
	at java.util.concurrent.ThreadPoolExecutor.runWorker(Unknown Source)
	at java.util.concurrent.ThreadPoolExecutor$Worker.run(Unknown Source)
	at java.lang.Thread.run(Unknown Source)
]]>
            </full-stacktrace>
          </exception> <!-- java.lang.AssertionError -->
          <reporter-output>
            <line>
              <![CDATA[Title is matching. It is: actiTIME - Login PASS]]>
            </line>
            <line>
              <![CDATA[Title is not matching. FAIL]]>
            </line>
            <line>
              <![CDATA[Test: testValidLogin is FAIL.]]>
            </line>
          </reporter-output>
        </test-method> <!-- testValidLogin -->
        <test-method status="PASS" signature="closeApp(org.testng.ITestResult)[pri:0, instance:script.TestValidLogin@8bd1b6a]" name="closeApp" is-config="true" duration-ms="1424" started-at="2019-01-14T12:28:04Z" finished-at="2019-01-14T12:28:05Z">
          <params>
            <param index="0">
              <value>
                <![CDATA[[TestResult name=testValidLogin status=FAILURE method=TestValidLogin.testValidLogin()[pri:1, instance:script.TestValidLogin@8bd1b6a] output=Title is matching. It is: actiTIME - Login PASS]]]>
              </value>
            </param>
          </params>
          <reporter-output>
            <line>
              <![CDATA[Test name:- testValidLogin FAILED.]]>
            </line>
            <line>
              <![CDATA[Photo taken & is available in ./photo/Mon Jan 14 122804 IST 2019.png]]>
            </line>
          </reporter-output>
        </test-method> <!-- closeApp -->
      </class> <!-- script.TestValidLogin -->
    </test> <!-- Test1 -->
  </suite> <!-- Suite -->
</testng-results>
